Starting capture [VID=0x44f and PID=unspecified]
1: 044f:b67e [0x00 IN] (CONTROL) actual length = 0, buffer length = 10
<GET_DESCRIPTOR> wValue: 0x0600 wIndex: 0x0000 Dir=IN Type=Standard Recipient=Device
00000000: 00 00 00 00 00 00 00 00  00 00                    ..........

2: 044f:b67e [0x00 IN] (CONTROL) actual length = 0, buffer length = 10
<GET_DESCRIPTOR> wValue: 0x0600 wIndex: 0x0000 Dir=IN Type=Standard Recipient=Device
00000000: 00 00 00 00 00 00 00 00  00 00                    ..........

3: 044f:b67e [0x00 IN] (CONTROL) actual length = 0, buffer length = 10
<GET_DESCRIPTOR> wValue: 0x0600 wIndex: 0x0000 Dir=IN Type=Standard Recipient=Device
00000000: 00 00 00 00 00 00 00 00  00 00                    ..........

4: 044f:b67e [0x00 IN] (CONTROL) actual length = 9, buffer length = 9
<GET_DESCRIPTOR> wValue: 0x0200 wIndex: 0x0000 Dir=IN Type=Standard Recipient=Device
00000000: 09 02 20 00 01 01 00 E0  32                       .. .....2

5: 044f:b67e [0x00 IN] (CONTROL) actual length = 32, buffer length = 32
<GET_DESCRIPTOR> wValue: 0x0200 wIndex: 0x0000 Dir=IN Type=Standard Recipient=Device
00000000: 09 02 20 00 01 01 00 E0  32 09 04 00 00 02 FF 47  .. .....2......G
00000010: D0 00 07 05 01 03 40 00  04 07 05 81 03 40 00 04  ......@......@..

6: 044f:b67e [0x00 IN] (CONTROL) actual length = 4, buffer length = 255
<GET_DESCRIPTOR> wValue: 0x0300 wIndex: 0x0000 Dir=IN Type=Standard Recipient=Device
00000000: 04 03 09 04 00 00 00 00  00 00 00 00 00 00 00 00  ................
00000010: 00 00 00 00 00 00 00 00  00 00 00 00 00 00 00 00  ................
00000020: 00 00 00 00 00 00 00 00  00 00 00 00 00 00 00 00  ................
00000030: 00 00 00 00 00 00 00 00  00 00 00 00 00 00 00 00  ................
00000040: 00 00 00 00 00 00 00 00  00 00 00 00 00 00 00 00  ................
00000050: 00 00 00 00 00 00 00 00  00 00 00 00 00 00 00 00  ................
00000060: 00 00 00 00 00 00 00 00  00 00 00 00 00 00 00 00  ................
00000070: 00 00 00 00 00 00 00 00  00 00 00 00 00 00 00 00  ................
00000080: 00 00 00 00 00 00 00 00  00 00 00 00 00 00 00 00  ................
00000090: 00 00 00 00 00 00 00 00  00 00 00 00 00 00 00 00  ................
000000A0: 00 00 00 00 00 00 00 00  00 00 00 00 00 00 00 00  ................
000000B0: 00 00 00 00 00 00 00 00  00 00 00 00 00 00 00 00  ................
000000C0: 00 00 00 00 00 00 00 00  00 00 00 00 00 00 00 00  ................
000000D0: 00 00 00 00 00 00 00 00  00 00 00 00 00 00 00 00  ................
000000E0: 00 00 00 00 00 00 00 00  00 00 00 00 00 00 00 00  ................
000000F0: 00 00 00 00 00 00 00 00  00 00 00 00 00 00 00     ...............

7: 044f:b67e [0x00 IN] (CONTROL) actual length = 68, buffer length = 255
<GET_DESCRIPTOR> wValue: 0x0302 wIndex: 0x0409 Dir=IN Type=Standard Recipient=Device
00000000: 44 03 54 00 68 00 72 00  75 00 73 00 74 00 6D 00  D.T.h.r.u.s.t.m.
00000010: 61 00 73 00 74 00 65 00  72 00 20 00 54 00 4D 00  a.s.t.e.r. .T.M.
00000020: 58 00 20 00 47 00 49 00  50 00 20 00 52 00 61 00  X. .G.I.P. .R.a.
00000030: 63 00 69 00 6E 00 67 00  20 00 57 00 68 00 65 00  c.i.n.g. .W.h.e.
00000040: 65 00 6C 00 00 00 00 00  00 00 00 00 00 00 00 00  e.l.............
00000050: 00 00 00 00 00 00 00 00  00 00 00 00 00 00 00 00  ................
00000060: 00 00 00 00 00 00 00 00  00 00 00 00 00 00 00 00  ................
00000070: 00 00 00 00 00 00 00 00  00 00 00 00 00 00 00 00  ................
00000080: 00 00 00 00 00 00 00 00  00 00 00 00 00 00 00 00  ................
00000090: 00 00 00 00 00 00 00 00  00 00 00 00 00 00 00 00  ................
000000A0: 00 00 00 00 00 00 00 00  00 00 00 00 00 00 00 00  ................
000000B0: 00 00 00 00 00 00 00 00  00 00 00 00 00 00 00 00  ................
000000C0: 00 00 00 00 00 00 00 00  00 00 00 00 00 00 00 00  ................
000000D0: 00 00 00 00 00 00 00 00  00 00 00 00 00 00 00 00  ................
000000E0: 00 00 00 00 00 00 00 00  00 00 00 00 00 00 00 00  ................
000000F0: 00 00 00 00 00 00 00 00  00 00 00 00 00 00 00     ...............

8: 044f:b67e [0x00 IN] (CONTROL) actual length = 26, buffer length = 255
<GET_DESCRIPTOR> wValue: 0x0301 wIndex: 0x0409 Dir=IN Type=Standard Recipient=Device
00000000: 1A 03 54 00 68 00 72 00  75 00 73 00 74 00 6D 00  ..T.h.r.u.s.t.m.
00000010: 61 00 73 00 74 00 65 00  72 00 00 00 00 00 00 00  a.s.t.e.r.......
00000020: 00 00 00 00 00 00 00 00  00 00 00 00 00 00 00 00  ................
00000030: 00 00 00 00 00 00 00 00  00 00 00 00 00 00 00 00  ................
00000040: 00 00 00 00 00 00 00 00  00 00 00 00 00 00 00 00  ................
00000050: 00 00 00 00 00 00 00 00  00 00 00 00 00 00 00 00  ................
00000060: 00 00 00 00 00 00 00 00  00 00 00 00 00 00 00 00  ................
00000070: 00 00 00 00 00 00 00 00  00 00 00 00 00 00 00 00  ................
00000080: 00 00 00 00 00 00 00 00  00 00 00 00 00 00 00 00  ................
00000090: 00 00 00 00 00 00 00 00  00 00 00 00 00 00 00 00  ................
000000A0: 00 00 00 00 00 00 00 00  00 00 00 00 00 00 00 00  ................
000000B0: 00 00 00 00 00 00 00 00  00 00 00 00 00 00 00 00  ................
000000C0: 00 00 00 00 00 00 00 00  00 00 00 00 00 00 00 00  ................
000000D0: 00 00 00 00 00 00 00 00  00 00 00 00 00 00 00 00  ................
000000E0: 00 00 00 00 00 00 00 00  00 00 00 00 00 00 00 00  ................
000000F0: 00 00 00 00 00 00 00 00  00 00 00 00 00 00 00     ...............

9: 044f:b67e [0x00 IN] (CONTROL) actual length = 34, buffer length = 255
<GET_DESCRIPTOR> wValue: 0x0303 wIndex: 0x0409 Dir=IN Type=Standard Recipient=Device
00000000: 22 03 30 00 30 00 30 00  30 00 45 00 44 00 37 00  ".0.0.0.0.E.D.7.
00000010: 44 00 34 00 32 00 37 00  45 00 44 00 37 00 32 00  D.4.2.7.E.D.7.2.
00000020: 38 00 00 00 00 00 00 00  00 00 00 00 00 00 00 00  8...............
00000030: 00 00 00 00 00 00 00 00  00 00 00 00 00 00 00 00  ................
00000040: 00 00 00 00 00 00 00 00  00 00 00 00 00 00 00 00  ................
00000050: 00 00 00 00 00 00 00 00  00 00 00 00 00 00 00 00  ................
00000060: 00 00 00 00 00 00 00 00  00 00 00 00 00 00 00 00  ................
00000070: 00 00 00 00 00 00 00 00  00 00 00 00 00 00 00 00  ................
00000080: 00 00 00 00 00 00 00 00  00 00 00 00 00 00 00 00  ................
00000090: 00 00 00 00 00 00 00 00  00 00 00 00 00 00 00 00  ................
000000A0: 00 00 00 00 00 00 00 00  00 00 00 00 00 00 00 00  ................
000000B0: 00 00 00 00 00 00 00 00  00 00 00 00 00 00 00 00  ................
000000C0: 00 00 00 00 00 00 00 00  00 00 00 00 00 00 00 00  ................
000000D0: 00 00 00 00 00 00 00 00  00 00 00 00 00 00 00 00  ................
000000E0: 00 00 00 00 00 00 00 00  00 00 00 00 00 00 00 00  ................
000000F0: 00 00 00 00 00 00 00 00  00 00 00 00 00 00 00     ...............

10: 044f:b67e [0x00 OUT] (CONTROL) actual length = 0, buffer length = 0
<SET_CONFIGURATION> wValue: 0x0001 wIndex: 0x0000 Dir=OUT Type=Standard Recipient=Device

11: 044f:b67e [0x00 IN] (CONTROL) actual length = 18, buffer length = 18
<GET_DESCRIPTOR> wValue: 0x0100 wIndex: 0x0000 Dir=IN Type=Standard Recipient=Device
00000000: 12 01 00 02 FF FF FF 40  4F 04 7E B6 01 01 01 02  .......@O.~.....
00000010: 03 01                                             ..

12: 044f:b67e [0x00 IN] (CONTROL) actual length = 9, buffer length = 9
<GET_DESCRIPTOR> wValue: 0x0200 wIndex: 0x0000 Dir=IN Type=Standard Recipient=Device
00000000: 09 02 20 00 01 01 00 E0  32                       .. .....2

13: 044f:b67e [0x00 IN] (CONTROL) actual length = 32, buffer length = 32
<GET_DESCRIPTOR> wValue: 0x0200 wIndex: 0x0000 Dir=IN Type=Standard Recipient=Device
00000000: 09 02 20 00 01 01 00 E0  32 09 04 00 00 02 FF 47  .. .....2......G
00000010: D0 00 07 05 01 03 40 00  04 07 05 81 03 40 00 04  ......@......@..

14: 044f:b67e [0x00 IN] (CONTROL) actual length = 18, buffer length = 64
<GET_DESCRIPTOR> wValue: 0x0100 wIndex: 0x0000 Dir=IN Type=Standard Recipient=Device
00000000: 12 01 00 02 FF FF FF 40  4F 04 7E B6 01 01 01 02  .......@O.~.....
00000010: 03 01 00 00 00 00 00 00  00 00 00 00 00 00 00 00  ................
00000020: 00 00 00 00 00 00 00 00  00 00 00 00 00 00 00 00  ................
00000030: 00 00 00 00 00 00 00 00  00 00 00 00 00 00 00 00  ................

15: 044f:b67e [0x00 IN] (CONTROL) actual length = 18, buffer length = 18
<GET_DESCRIPTOR> wValue: 0x0100 wIndex: 0x0000 Dir=IN Type=Standard Recipient=Device
00000000: 12 01 00 02 FF FF FF 40  4F 04 7E B6 01 01 01 02  .......@O.~.....
00000010: 03 01                                             ..

16: 044f:b67e [0x00 IN] (CONTROL) actual length = 32, buffer length = 32
<GET_DESCRIPTOR> wValue: 0x0200 wIndex: 0x0000 Dir=IN Type=Standard Recipient=Device
00000000: 09 02 20 00 01 01 00 E0  32 09 04 00 00 02 FF 47  .. .....2......G
00000010: D0 00 07 05 01 03 40 00  04 07 05 81 03 40 00 04  ......@......@..

17: 044f:b67e [0x00 IN] (CONTROL) actual length = 34, buffer length = 255
<GET_DESCRIPTOR> wValue: 0x0303 wIndex: 0x0409 Dir=IN Type=Standard Recipient=Device
00000000: 22 03 30 00 30 00 30 00  30 00 45 00 44 00 37 00  ".0.0.0.0.E.D.7.
00000010: 44 00 34 00 32 00 37 00  45 00 44 00 37 00 32 00  D.4.2.7.E.D.7.2.
00000020: 38 00 00 00 00 00 00 00  00 00 00 00 00 00 00 00  8...............
00000030: 00 00 00 00 00 00 00 00  00 00 00 00 00 00 00 00  ................
00000040: 00 00 00 00 00 00 00 00  00 00 00 00 00 00 00 00  ................
00000050: 00 00 00 00 00 00 00 00  00 00 00 00 00 00 00 00  ................
00000060: 00 00 00 00 00 00 00 00  00 00 00 00 00 00 00 00  ................
00000070: 00 00 00 00 00 00 00 00  00 00 00 00 00 00 00 00  ................
00000080: 00 00 00 00 00 00 00 00  00 00 00 00 00 00 00 00  ................
00000090: 00 00 00 00 00 00 00 00  00 00 00 00 00 00 00 00  ................
000000A0: 00 00 00 00 00 00 00 00  00 00 00 00 00 00 00 00  ................
000000B0: 00 00 00 00 00 00 00 00  00 00 00 00 00 00 00 00  ................
000000C0: 00 00 00 00 00 00 00 00  00 00 00 00 00 00 00 00  ................
000000D0: 00 00 00 00 00 00 00 00  00 00 00 00 00 00 00 00  ................
000000E0: 00 00 00 00 00 00 00 00  00 00 00 00 00 00 00 00  ................
000000F0: 00 00 00 00 00 00 00 00  00 00 00 00 00 00 00     ...............

18: 044f:b67e [0x00 OUT] (CONTROL) actual length = 0, buffer length = 0
<SET_CONFIGURATION> wValue: 0x0001 wIndex: 0x0000 Dir=OUT Type=Standard Recipient=Device

19: 044f:b67e [0x00 IN] (CONTROL) actual length = 18, buffer length = 64
<GET_DESCRIPTOR> wValue: 0x0100 wIndex: 0x0000 Dir=IN Type=Standard Recipient=Device
00000000: 12 01 00 02 FF FF FF 40  4F 04 7E B6 01 01 01 02  .......@O.~.....
00000010: 03 01 00 00 00 00 00 00  00 00 00 00 00 00 00 00  ................
00000020: 00 00 00 00 00 00 00 00  00 00 00 00 00 00 00 00  ................
00000030: 00 00 00 00 00 00 00 00  00 00 00 00 00 00 00 00  ................

20: 044f:b67e [0x00 IN] (CONTROL) actual length = 18, buffer length = 18
<GET_DESCRIPTOR> wValue: 0x0100 wIndex: 0x0000 Dir=IN Type=Standard Recipient=Device
00000000: 12 01 00 02 FF FF FF 40  4F 04 7E B6 01 01 01 02  .......@O.~.....
00000010: 03 01                                             ..

21: 044f:b67e [0x00 IN] (CONTROL) actual length = 32, buffer length = 32
<GET_DESCRIPTOR> wValue: 0x0200 wIndex: 0x0000 Dir=IN Type=Standard Recipient=Device
00000000: 09 02 20 00 01 01 00 E0  32 09 04 00 00 02 FF 47  .. .....2......G
00000010: D0 00 07 05 01 03 40 00  04 07 05 81 03 40 00 04  ......@......@..

22: 044f:b67e [0x00 IN] (CONTROL) actual length = 34, buffer length = 255
<GET_DESCRIPTOR> wValue: 0x0303 wIndex: 0x0409 Dir=IN Type=Standard Recipient=Device
00000000: 22 03 30 00 30 00 30 00  30 00 45 00 44 00 37 00  ".0.0.0.0.E.D.7.
00000010: 44 00 34 00 32 00 37 00  45 00 44 00 37 00 32 00  D.4.2.7.E.D.7.2.
00000020: 38 00 00 00 00 00 00 00  00 00 00 00 00 00 00 00  8...............
00000030: 00 00 00 00 00 00 00 00  00 00 00 00 00 00 00 00  ................
00000040: 00 00 00 00 00 00 00 00  00 00 00 00 00 00 00 00  ................
00000050: 00 00 00 00 00 00 00 00  00 00 00 00 00 00 00 00  ................
00000060: 00 00 00 00 00 00 00 00  00 00 00 00 00 00 00 00  ................
00000070: 00 00 00 00 00 00 00 00  00 00 00 00 00 00 00 00  ................
00000080: 00 00 00 00 00 00 00 00  00 00 00 00 00 00 00 00  ................
00000090: 00 00 00 00 00 00 00 00  00 00 00 00 00 00 00 00  ................
000000A0: 00 00 00 00 00 00 00 00  00 00 00 00 00 00 00 00  ................
000000B0: 00 00 00 00 00 00 00 00  00 00 00 00 00 00 00 00  ................
000000C0: 00 00 00 00 00 00 00 00  00 00 00 00 00 00 00 00  ................
000000D0: 00 00 00 00 00 00 00 00  00 00 00 00 00 00 00 00  ................
000000E0: 00 00 00 00 00 00 00 00  00 00 00 00 00 00 00 00  ................
000000F0: 00 00 00 00 00 00 00 00  00 00 00 00 00 00 00     ...............

23: 044f:b67e [0x00 OUT] (CONTROL) actual length = 0, buffer length = 0
<SET_CONFIGURATION> wValue: 0x0001 wIndex: 0x0000 Dir=OUT Type=Standard Recipient=Device

24: 044f:b67e [0x00 IN] (CONTROL) actual length = 34, buffer length = 255
<GET_DESCRIPTOR> wValue: 0x0303 wIndex: 0x0409 Dir=IN Type=Standard Recipient=Device
00000000: 22 03 30 00 30 00 30 00  30 00 45 00 44 00 37 00  ".0.0.0.0.E.D.7.
00000010: 44 00 34 00 32 00 37 00  45 00 44 00 37 00 32 00  D.4.2.7.E.D.7.2.
00000020: 38 00 00 00 00 00 00 00  00 00 00 00 00 00 00 00  8...............
00000030: 00 00 00 00 00 00 00 00  00 00 00 00 00 00 00 00  ................
00000040: 00 00 00 00 00 00 00 00  00 00 00 00 00 00 00 00  ................
00000050: 00 00 00 00 00 00 00 00  00 00 00 00 00 00 00 00  ................
00000060: 00 00 00 00 00 00 00 00  00 00 00 00 00 00 00 00  ................
00000070: 00 00 00 00 00 00 00 00  00 00 00 00 00 00 00 00  ................
00000080: 00 00 00 00 00 00 00 00  00 00 00 00 00 00 00 00  ................
00000090: 00 00 00 00 00 00 00 00  00 00 00 00 00 00 00 00  ................
000000A0: 00 00 00 00 00 00 00 00  00 00 00 00 00 00 00 00  ................
000000B0: 00 00 00 00 00 00 00 00  00 00 00 00 00 00 00 00  ................
000000C0: 00 00 00 00 00 00 00 00  00 00 00 00 00 00 00 00  ................
000000D0: 00 00 00 00 00 00 00 00  00 00 00 00 00 00 00 00  ................
000000E0: 00 00 00 00 00 00 00 00  00 00 00 00 00 00 00 00  ................
000000F0: 00 00 00 00 00 00 00 00  00 00 00 00 00 00 00     ...............

25: 044f:b67e [0x00 IN] (CONTROL) actual length = 16, buffer length = 16
<Error> wValue: 0x0000 wIndex: 0x0004 Dir=IN Type=Vendor Recipient=Device
00000000: 28 00 00 00 00 01 04 00  01 00 00 00 00 00 00 00  (...............

26: 044f:b67e [0x00 IN] (CONTROL) actual length = 40, buffer length = 40
<Error> wValue: 0x0000 wIndex: 0x0004 Dir=IN Type=Vendor Recipient=Device
00000000: 28 00 00 00 00 01 04 00  01 00 00 00 00 00 00 00  (...............
00000010: 00 01 58 47 49 50 31 30  00 00 00 00 00 00 00 00  ..XGIP10........
00000020: 00 00 00 00 00 00 00 00                           ........

27: 044f:b67e [0x00 IN] (CONTROL) actual length = 4, buffer length = 255
<GET_DESCRIPTOR> wValue: 0x0300 wIndex: 0x0000 Dir=IN Type=Standard Recipient=Device
00000000: 04 03 09 04 00 00 00 00  00 00 00 00 00 00 00 00  ................
00000010: 00 00 00 00 00 00 00 00  00 00 00 00 00 00 00 00  ................
00000020: 00 00 00 00 00 00 00 00  00 00 00 00 00 00 00 00  ................
00000030: 00 00 00 00 00 00 00 00  00 00 00 00 00 00 00 00  ................
00000040: 00 00 00 00 00 00 00 00  00 00 00 00 00 00 00 00  ................
00000050: 00 00 00 00 00 00 00 00  00 00 00 00 00 00 00 00  ................
00000060: 00 00 00 00 00 00 00 00  00 00 00 00 00 00 00 00  ................
00000070: 00 00 00 00 00 00 00 00  00 00 00 00 00 00 00 00  ................
00000080: 00 00 00 00 00 00 00 00  00 00 00 00 00 00 00 00  ................
00000090: 00 00 00 00 00 00 00 00  00 00 00 00 00 00 00 00  ................
000000A0: 00 00 00 00 00 00 00 00  00 00 00 00 00 00 00 00  ................
000000B0: 00 00 00 00 00 00 00 00  00 00 00 00 00 00 00 00  ................
000000C0: 00 00 00 00 00 00 00 00  00 00 00 00 00 00 00 00  ................
000000D0: 00 00 00 00 00 00 00 00  00 00 00 00 00 00 00 00  ................
000000E0: 00 00 00 00 00 00 00 00  00 00 00 00 00 00 00 00  ................
000000F0: 00 00 00 00 00 00 00 00  00 00 00 00 00 00 00     ...............

28: 044f:b67e [0x00 IN] (CONTROL) actual length = 68, buffer length = 255
<GET_DESCRIPTOR> wValue: 0x0302 wIndex: 0x0409 Dir=IN Type=Standard Recipient=Device
00000000: 44 03 54 00 68 00 72 00  75 00 73 00 74 00 6D 00  D.T.h.r.u.s.t.m.
00000010: 61 00 73 00 74 00 65 00  72 00 20 00 54 00 4D 00  a.s.t.e.r. .T.M.
00000020: 58 00 20 00 47 00 49 00  50 00 20 00 52 00 61 00  X. .G.I.P. .R.a.
00000030: 63 00 69 00 6E 00 67 00  20 00 57 00 68 00 65 00  c.i.n.g. .W.h.e.
00000040: 65 00 6C 00 00 00 00 00  00 00 00 00 00 00 00 00  e.l.............
00000050: 00 00 00 00 00 00 00 00  00 00 00 00 00 00 00 00  ................
00000060: 00 00 00 00 00 00 00 00  00 00 00 00 00 00 00 00  ................
00000070: 00 00 00 00 00 00 00 00  00 00 00 00 00 00 00 00  ................
00000080: 00 00 00 00 00 00 00 00  00 00 00 00 00 00 00 00  ................
00000090: 00 00 00 00 00 00 00 00  00 00 00 00 00 00 00 00  ................
000000A0: 00 00 00 00 00 00 00 00  00 00 00 00 00 00 00 00  ................
000000B0: 00 00 00 00 00 00 00 00  00 00 00 00 00 00 00 00  ................
000000C0: 00 00 00 00 00 00 00 00  00 00 00 00 00 00 00 00  ................
000000D0: 00 00 00 00 00 00 00 00  00 00 00 00 00 00 00 00  ................
000000E0: 00 00 00 00 00 00 00 00  00 00 00 00 00 00 00 00  ................
000000F0: 00 00 00 00 00 00 00 00  00 00 00 00 00 00 00     ...............

29: 044f:b67e [0x00 IN] (CONTROL) actual length = 0, buffer length = 10
<GET_DESCRIPTOR> wValue: 0x0600 wIndex: 0x0000 Dir=IN Type=Standard Recipient=Device
00000000: 00 00 00 00 00 00 00 00  00 00                    ..........

30: 044f:b67e [0x00 IN] (CONTROL) actual length = 8, buffer length = 8
<Error> wValue: 0x0000 wIndex: 0x0000 Dir=IN Type=Vendor Recipient=Interface
00000000: 47 00 41 00 00 00 07 04                           G.A.....

31: 044f:b67e [0x00 IN] (CONTROL) actual length = 4, buffer length = 8
<Error> wValue: 0x0000 wIndex: 0x0000 Dir=IN Type=Vendor Recipient=Interface
00000000: 56 0F 00 00 00 00 00 00                           V.......

32: 044f:b67e [0x00 OUT] (CONTROL) actual length = 0, buffer length = 0
<Error> wValue: 0x0001 wIndex: 0x0000 Dir=OUT Type=Vendor Recipient=Interface

33: 044f:b65d [0x00 IN] (CONTROL) actual length = 0, buffer length = 10
<GET_DESCRIPTOR> wValue: 0x0600 wIndex: 0x0000 Dir=IN Type=Standard Recipient=Device
00000000: 00 00 00 00 00 00 00 00  00 00                    ..........

34: 044f:b65d [0x00 IN] (CONTROL) actual length = 0, buffer length = 10
<GET_DESCRIPTOR> wValue: 0x0600 wIndex: 0x0000 Dir=IN Type=Standard Recipient=Device
00000000: 00 00 00 00 00 00 00 00  00 00                    ..........

35: 044f:b65d [0x00 IN] (CONTROL) actual length = 0, buffer length = 10
<GET_DESCRIPTOR> wValue: 0x0600 wIndex: 0x0000 Dir=IN Type=Standard Recipient=Device
00000000: 00 00 00 00 00 00 00 00  00 00                    ..........

36: 044f:b65d [0x00 IN] (CONTROL) actual length = 9, buffer length = 9
<GET_DESCRIPTOR> wValue: 0x0200 wIndex: 0x0000 Dir=IN Type=Standard Recipient=Device
00000000: 09 02 29 00 01 01 00 E0  32                       ..).....2

37: 044f:b65d [0x00 IN] (CONTROL) actual length = 41, buffer length = 41
<GET_DESCRIPTOR> wValue: 0x0200 wIndex: 0x0000 Dir=IN Type=Standard Recipient=Device
00000000: 09 02 29 00 01 01 00 E0  32 09 04 00 00 02 03 00  ..).....2.......
00000010: 00 00 09 21 00 01 00 01  22 97 00 07 05 82 03 40  ...!...."......@
00000020: 00 02 07 05 01 03 40 00  04                       ......@..

38: 044f:b65d [0x00 IN] (CONTROL) actual length = 4, buffer length = 255
<GET_DESCRIPTOR> wValue: 0x0300 wIndex: 0x0000 Dir=IN Type=Standard Recipient=Device
00000000: 04 03 09 04 00 00 00 00  00 00 00 00 00 00 00 00  ................
00000010: 00 00 00 00 00 00 00 00  00 00 00 00 00 00 00 00  ................
00000020: 00 00 00 00 00 00 00 00  00 00 00 00 00 00 00 00  ................
00000030: 00 00 00 00 00 00 00 00  00 00 00 00 00 00 00 00  ................
00000040: 00 00 00 00 00 00 00 00  00 00 00 00 00 00 00 00  ................
00000050: 00 00 00 00 00 00 00 00  00 00 00 00 00 00 00 00  ................
00000060: 00 00 00 00 00 00 00 00  00 00 00 00 00 00 00 00  ................
00000070: 00 00 00 00 00 00 00 00  00 00 00 00 00 00 00 00  ................
00000080: 00 00 00 00 00 00 00 00  00 00 00 00 00 00 00 00  ................
00000090: 00 00 00 00 00 00 00 00  00 00 00 00 00 00 00 00  ................
000000A0: 00 00 00 00 00 00 00 00  00 00 00 00 00 00 00 00  ................
000000B0: 00 00 00 00 00 00 00 00  00 00 00 00 00 00 00 00  ................
000000C0: 00 00 00 00 00 00 00 00  00 00 00 00 00 00 00 00  ................
000000D0: 00 00 00 00 00 00 00 00  00 00 00 00 00 00 00 00  ................
000000E0: 00 00 00 00 00 00 00 00  00 00 00 00 00 00 00 00  ................
000000F0: 00 00 00 00 00 00 00 00  00 00 00 00 00 00 00     ...............

39: 044f:b65d [0x00 IN] (CONTROL) actual length = 46, buffer length = 255
<GET_DESCRIPTOR> wValue: 0x0302 wIndex: 0x0409 Dir=IN Type=Standard Recipient=Device
00000000: 2E 03 54 00 68 00 72 00  75 00 73 00 74 00 6D 00  ..T.h.r.u.s.t.m.
00000010: 61 00 73 00 74 00 65 00  72 00 20 00 46 00 46 00  a.s.t.e.r. .F.F.
00000020: 42 00 20 00 57 00 68 00  65 00 65 00 6C 00 00 00  B. .W.h.e.e.l...
00000030: 00 00 00 00 00 00 00 00  00 00 00 00 00 00 00 00  ................
00000040: 00 00 00 00 00 00 00 00  00 00 00 00 00 00 00 00  ................
00000050: 00 00 00 00 00 00 00 00  00 00 00 00 00 00 00 00  ................
00000060: 00 00 00 00 00 00 00 00  00 00 00 00 00 00 00 00  ................
00000070: 00 00 00 00 00 00 00 00  00 00 00 00 00 00 00 00  ................
00000080: 00 00 00 00 00 00 00 00  00 00 00 00 00 00 00 00  ................
00000090: 00 00 00 00 00 00 00 00  00 00 00 00 00 00 00 00  ................
000000A0: 00 00 00 00 00 00 00 00  00 00 00 00 00 00 00 00  ................
000000B0: 00 00 00 00 00 00 00 00  00 00 00 00 00 00 00 00  ................
000000C0: 00 00 00 00 00 00 00 00  00 00 00 00 00 00 00 00  ................
000000D0: 00 00 00 00 00 00 00 00  00 00 00 00 00 00 00 00  ................
000000E0: 00 00 00 00 00 00 00 00  00 00 00 00 00 00 00 00  ................
000000F0: 00 00 00 00 00 00 00 00  00 00 00 00 00 00 00     ...............

40: 044f:b65d [0x00 IN] (CONTROL) actual length = 26, buffer length = 255
<GET_DESCRIPTOR> wValue: 0x0301 wIndex: 0x0409 Dir=IN Type=Standard Recipient=Device
00000000: 1A 03 54 00 68 00 72 00  75 00 73 00 74 00 6D 00  ..T.h.r.u.s.t.m.
00000010: 61 00 73 00 74 00 65 00  72 00 00 00 00 00 00 00  a.s.t.e.r.......
00000020: 00 00 00 00 00 00 00 00  00 00 00 00 00 00 00 00  ................
00000030: 00 00 00 00 00 00 00 00  00 00 00 00 00 00 00 00  ................
00000040: 00 00 00 00 00 00 00 00  00 00 00 00 00 00 00 00  ................
00000050: 00 00 00 00 00 00 00 00  00 00 00 00 00 00 00 00  ................
00000060: 00 00 00 00 00 00 00 00  00 00 00 00 00 00 00 00  ................
00000070: 00 00 00 00 00 00 00 00  00 00 00 00 00 00 00 00  ................
00000080: 00 00 00 00 00 00 00 00  00 00 00 00 00 00 00 00  ................
00000090: 00 00 00 00 00 00 00 00  00 00 00 00 00 00 00 00  ................
000000A0: 00 00 00 00 00 00 00 00  00 00 00 00 00 00 00 00  ................
000000B0: 00 00 00 00 00 00 00 00  00 00 00 00 00 00 00 00  ................
000000C0: 00 00 00 00 00 00 00 00  00 00 00 00 00 00 00 00  ................
000000D0: 00 00 00 00 00 00 00 00  00 00 00 00 00 00 00 00  ................
000000E0: 00 00 00 00 00 00 00 00  00 00 00 00 00 00 00 00  ................
000000F0: 00 00 00 00 00 00 00 00  00 00 00 00 00 00 00     ...............

41: 044f:b65d [0x00 OUT] (CONTROL) actual length = 0, buffer length = 0
<SET_CONFIGURATION> wValue: 0x0001 wIndex: 0x0000 Dir=OUT Type=Standard Recipient=Device

42: 044f:b65d [0x00 OUT] (CONTROL) actual length = 0, buffer length = 0
<GET_INTERFACE> wValue: 0x0000 wIndex: 0x0000 Dir=OUT Type=Class Recipient=Interface

43: 044f:b65d [0x00 IN] (CONTROL) actual length = 151, buffer length = 151
<GET_DESCRIPTOR> wValue: 0x2200 wIndex: 0x0000 Dir=IN Type=Standard Recipient=Interface
00000000: 05 01 09 05 A1 01 15 00  25 01 35 00 45 01 75 01  ........%.5.E.u.
00000010: 95 0D 05 09 19 01 29 0D  81 02 95 03 81 01 05 01  ......).........
00000020: 25 07 46 3B 01 75 04 95  01 65 14 09 39 81 42 05  %.F;.u...e..9.B.
00000030: 01 09 30 15 00 26 FF 0F  35 00 46 FF 0F 65 00 75  ..0..&..5.F..e.u
00000040: 0C 95 01 81 02 26 FF 00  46 FF 00 09 31 09 32 09  .....&..F...1.2.
00000050: 35 75 08 95 03 81 02 06  00 FF 09 20 09 21 09 22  5u......... .!."
00000060: 09 23 09 24 09 25 09 26  09 27 09 28 09 29 09 2A  .#.$.%.&.'.(.).*
00000070: 09 2B 95 0C 81 02 0A 21  26 95 08 B1 02 0A 21 26  .+.....!&.....!&
00000080: 91 02 26 FF 03 46 FF 03  09 2C 09 2D 09 2E 09 2F  ..&..F...,.-.../
00000090: 75 10 95 04 81 02 C0                              u......

44: 044f:b65d [0x00 IN] (CONTROL) actual length = 18, buffer length = 18
<GET_DESCRIPTOR> wValue: 0x0100 wIndex: 0x0000 Dir=IN Type=Standard Recipient=Device
00000000: 12 01 00 02 00 00 00 40  4F 04 5D B6 00 01 01 02  .......@O.].....
00000010: 00 01                                             ..

45: 044f:b65d [0x00 IN] (CONTROL) actual length = 9, buffer length = 9
<GET_DESCRIPTOR> wValue: 0x0200 wIndex: 0x0000 Dir=IN Type=Standard Recipient=Device
00000000: 09 02 29 00 01 01 00 E0  32                       ..).....2

46: 044f:b65d [0x00 IN] (CONTROL) actual length = 41, buffer length = 41
<GET_DESCRIPTOR> wValue: 0x0200 wIndex: 0x0000 Dir=IN Type=Standard Recipient=Device
00000000: 09 02 29 00 01 01 00 E0  32 09 04 00 00 02 03 00  ..).....2.......
00000010: 00 00 09 21 00 01 00 01  22 97 00 07 05 82 03 40  ...!...."......@
00000020: 00 02 07 05 01 03 40 00  04                       ......@..

47: 044f:b65d [0x00 IN] (CONTROL) actual length = 18, buffer length = 64
<GET_DESCRIPTOR> wValue: 0x0100 wIndex: 0x0000 Dir=IN Type=Standard Recipient=Device
00000000: 12 01 00 02 00 00 00 40  4F 04 5D B6 00 01 01 02  .......@O.].....
00000010: 00 01 00 00 00 00 00 00  00 00 00 00 00 00 00 00  ................
00000020: 00 00 00 00 00 00 00 00  00 00 00 00 00 00 00 00  ................
00000030: 00 00 00 00 00 00 00 00  00 00 00 00 00 00 00 00  ................

48: 044f:b65d [0x00 IN] (CONTROL) actual length = 18, buffer length = 18
<GET_DESCRIPTOR> wValue: 0x0100 wIndex: 0x0000 Dir=IN Type=Standard Recipient=Device
00000000: 12 01 00 02 00 00 00 40  4F 04 5D B6 00 01 01 02  .......@O.].....
00000010: 00 01                                             ..

49: 044f:b65d [0x00 IN] (CONTROL) actual length = 41, buffer length = 41
<GET_DESCRIPTOR> wValue: 0x0200 wIndex: 0x0000 Dir=IN Type=Standard Recipient=Device
00000000: 09 02 29 00 01 01 00 E0  32 09 04 00 00 02 03 00  ..).....2.......
00000010: 00 00 09 21 00 01 00 01  22 97 00 07 05 82 03 40  ...!...."......@
00000020: 00 02 07 05 01 03 40 00  04                       ......@..

50: 044f:b65d [0x00 OUT] (CONTROL) actual length = 0, buffer length = 0
<SET_CONFIGURATION> wValue: 0x0001 wIndex: 0x0000 Dir=OUT Type=Standard Recipient=Device

51: 044f:b65d [0x00 IN] (CONTROL) actual length = 18, buffer length = 64
<GET_DESCRIPTOR> wValue: 0x0100 wIndex: 0x0000 Dir=IN Type=Standard Recipient=Device
00000000: 12 01 00 02 00 00 00 40  4F 04 5D B6 00 01 01 02  .......@O.].....
00000010: 00 01 00 00 00 00 00 00  00 00 00 00 00 00 00 00  ................
00000020: 00 00 00 00 00 00 00 00  00 00 00 00 00 00 00 00  ................
00000030: 00 00 00 00 00 00 00 00  00 00 00 00 00 00 00 00  ................

52: 044f:b65d [0x00 IN] (CONTROL) actual length = 18, buffer length = 18
<GET_DESCRIPTOR> wValue: 0x0100 wIndex: 0x0000 Dir=IN Type=Standard Recipient=Device
00000000: 12 01 00 02 00 00 00 40  4F 04 5D B6 00 01 01 02  .......@O.].....
00000010: 00 01                                             ..

53: 044f:b65d [0x00 IN] (CONTROL) actual length = 41, buffer length = 41
<GET_DESCRIPTOR> wValue: 0x0200 wIndex: 0x0000 Dir=IN Type=Standard Recipient=Device
00000000: 09 02 29 00 01 01 00 E0  32 09 04 00 00 02 03 00  ..).....2.......
00000010: 00 00 09 21 00 01 00 01  22 97 00 07 05 82 03 40  ...!...."......@
00000020: 00 02 07 05 01 03 40 00  04                       ......@..

54: 044f:b65d [0x00 OUT] (CONTROL) actual length = 0, buffer length = 0
<SET_CONFIGURATION> wValue: 0x0001 wIndex: 0x0000 Dir=OUT Type=Standard Recipient=Device

55: 044f:b65d [0x00 IN] (CONTROL) actual length = 4, buffer length = 255
<GET_DESCRIPTOR> wValue: 0x0300 wIndex: 0x0000 Dir=IN Type=Standard Recipient=Device
00000000: 04 03 09 04 00 00 00 00  00 00 00 00 00 00 00 00  ................
00000010: 00 00 00 00 00 00 00 00  00 00 00 00 00 00 00 00  ................
00000020: 00 00 00 00 00 00 00 00  00 00 00 00 00 00 00 00  ................
00000030: 00 00 00 00 00 00 00 00  00 00 00 00 00 00 00 00  ................
00000040: 00 00 00 00 00 00 00 00  00 00 00 00 00 00 00 00  ................
00000050: 00 00 00 00 00 00 00 00  00 00 00 00 00 00 00 00  ................
00000060: 00 00 00 00 00 00 00 00  00 00 00 00 00 00 00 00  ................
00000070: 00 00 00 00 00 00 00 00  00 00 00 00 00 00 00 00  ................
00000080: 00 00 00 00 00 00 00 00  00 00 00 00 00 00 00 00  ................
00000090: 00 00 00 00 00 00 00 00  00 00 00 00 00 00 00 00  ................
000000A0: 00 00 00 00 00 00 00 00  00 00 00 00 00 00 00 00  ................
000000B0: 00 00 00 00 00 00 00 00  00 00 00 00 00 00 00 00  ................
000000C0: 00 00 00 00 00 00 00 00  00 00 00 00 00 00 00 00  ................
000000D0: 00 00 00 00 00 00 00 00  00 00 00 00 00 00 00 00  ................
000000E0: 00 00 00 00 00 00 00 00  00 00 00 00 00 00 00 00  ................
000000F0: 00 00 00 00 00 00 00 00  00 00 00 00 00 00 00     ...............

56: 044f:b65d [0x00 IN] (CONTROL) actual length = 46, buffer length = 255
<GET_DESCRIPTOR> wValue: 0x0302 wIndex: 0x0409 Dir=IN Type=Standard Recipient=Device
00000000: 2E 03 54 00 68 00 72 00  75 00 73 00 74 00 6D 00  ..T.h.r.u.s.t.m.
00000010: 61 00 73 00 74 00 65 00  72 00 20 00 46 00 46 00  a.s.t.e.r. .F.F.
00000020: 42 00 20 00 57 00 68 00  65 00 65 00 6C 00 00 00  B. .W.h.e.e.l...
00000030: 00 00 00 00 00 00 00 00  00 00 00 00 00 00 00 00  ................
00000040: 00 00 00 00 00 00 00 00  00 00 00 00 00 00 00 00  ................
00000050: 00 00 00 00 00 00 00 00  00 00 00 00 00 00 00 00  ................
00000060: 00 00 00 00 00 00 00 00  00 00 00 00 00 00 00 00  ................
00000070: 00 00 00 00 00 00 00 00  00 00 00 00 00 00 00 00  ................
00000080: 00 00 00 00 00 00 00 00  00 00 00 00 00 00 00 00  ................
00000090: 00 00 00 00 00 00 00 00  00 00 00 00 00 00 00 00  ................
000000A0: 00 00 00 00 00 00 00 00  00 00 00 00 00 00 00 00  ................
000000B0: 00 00 00 00 00 00 00 00  00 00 00 00 00 00 00 00  ................
000000C0: 00 00 00 00 00 00 00 00  00 00 00 00 00 00 00 00  ................
000000D0: 00 00 00 00 00 00 00 00  00 00 00 00 00 00 00 00  ................
000000E0: 00 00 00 00 00 00 00 00  00 00 00 00 00 00 00 00  ................
000000F0: 00 00 00 00 00 00 00 00  00 00 00 00 00 00 00     ...............

57: 044f:b65d [0x00 IN] (CONTROL) actual length = 0, buffer length = 10
<GET_DESCRIPTOR> wValue: 0x0600 wIndex: 0x0000 Dir=IN Type=Standard Recipient=Device
00000000: 00 00 00 00 00 00 00 00  00 00                    ..........

58: 044f:b65d [0x00 IN] (CONTROL) actual length = 0, buffer length = 16
<Error> wValue: 0x0000 wIndex: 0x0000 Dir=IN Type=Vendor Recipient=Interface
00000000: 00 00 00 00 00 00 00 00  00 00 00 00 00 00 00 00  ................

59: 044f:b65d [0x00 IN] (CONTROL) actual length = 0, buffer length = 16
<Error> wValue: 0x0000 wIndex: 0x0000 Dir=IN Type=Vendor Recipient=Interface
00000000: 00 00 00 00 00 00 00 00  00 00 00 00 00 00 00 00  ................

60: 044f:b65d [0x00 IN] (CONTROL) actual length = 0, buffer length = 16
<Error> wValue: 0x0000 wIndex: 0x0000 Dir=IN Type=Vendor Recipient=Interface
00000000: 00 00 00 00 00 00 00 00  00 00 00 00 00 00 00 00  ................

61: 044f:b65d [0x00 IN] (CONTROL) actual length = 0, buffer length = 16
<Error> wValue: 0x0000 wIndex: 0x0000 Dir=IN Type=Vendor Recipient=Interface
00000000: 00 00 00 00 00 00 00 00  00 00 00 00 00 00 00 00  ................

62: 044f:b65d [0x00 IN] (CONTROL) actual length = 0, buffer length = 16
<Error> wValue: 0x0000 wIndex: 0x0000 Dir=IN Type=Vendor Recipient=Interface
00000000: 00 00 00 00 00 00 00 00  00 00 00 00 00 00 00 00  ................

63: 044f:b65d [0x00 IN] (CONTROL) actual length = 0, buffer length = 16
<Error> wValue: 0x0000 wIndex: 0x0000 Dir=IN Type=Vendor Recipient=Interface
00000000: 00 00 00 00 00 00 00 00  00 00 00 00 00 00 00 00  ................

64: 044f:b65d [0x00 IN] (CONTROL) actual length = 0, buffer length = 16
<Error> wValue: 0x0000 wIndex: 0x0000 Dir=IN Type=Vendor Recipient=Interface
00000000: 00 00 00 00 00 00 00 00  00 00 00 00 00 00 00 00  ................

65: 044f:b65d [0x00 IN] (CONTROL) actual length = 0, buffer length = 16
<Error> wValue: 0x0000 wIndex: 0x0000 Dir=IN Type=Vendor Recipient=Interface
00000000: 00 00 00 00 00 00 00 00  00 00 00 00 00 00 00 00  ................

66: 044f:b65d [0x00 IN] (CONTROL) actual length = 0, buffer length = 16
<Error> wValue: 0x0000 wIndex: 0x0000 Dir=IN Type=Vendor Recipient=Interface
00000000: 00 00 00 00 00 00 00 00  00 00 00 00 00 00 00 00  ................

67: 044f:b65d [0x00 IN] (CONTROL) actual length = 8, buffer length = 8
<Error> wValue: 0x0000 wIndex: 0x0000 Dir=IN Type=Vendor Recipient=Interface
00000000: 47 00 41 00 00 00 07 04                           G.A.....

68: 044f:b65d [0x00 IN] (CONTROL) actual length = 4, buffer length = 8
<Error> wValue: 0x0000 wIndex: 0x0000 Dir=IN Type=Vendor Recipient=Interface
00000000: 56 0F 00 00 00 00 00 00                           V.......

69: 044f:b65d [0x00 IN] (CONTROL) actual length = 3, buffer length = 8
<Error> wValue: 0x0000 wIndex: 0x0000 Dir=IN Type=Vendor Recipient=Interface
00000000: 42 E8 03 00 00 00 00 00                           B.......

70: 044f:b65d [0x00 IN] (CONTROL) actual length = 2, buffer length = 8
<Error> wValue: 0x0000 wIndex: 0x0000 Dir=IN Type=Vendor Recipient=Interface
00000000: 4E 14 00 00 00 00 00 00                           N.......

71: 044f:b65d [0x00 IN] (CONTROL) actual length = 4, buffer length = 8
<Error> wValue: 0x0000 wIndex: 0x0000 Dir=IN Type=Vendor Recipient=Interface
00000000: 56 0F 00 00 00 00 00 00                           V.......

72: 044f:b65d [0x01 OUT] (INT) actual length = 9, buffer length = 9
00000000: 42 01 00 00 00 00 00 00  00                       B........

73: 044f:b65d [0x01 OUT] (INT) actual length = 8, buffer length = 8
00000000: 0A 04 90 03 00 00 00 00                           ........

74: 044f:b65d [0x82 IN] (INT) actual length = 27, buffer length = 28
00000000: 14 20 90 03 4E 4B 28 27  00 00 00 00 00 00 E8 00  . ..NK('........
00000010: 00 02 00 02 00 02 00 02  00 02 00 00              ............

75: 044f:b65d [0x01 OUT] (INT) actual length = 8, buffer length = 8
00000000: 0A 04 00 0C 00 00 00 00                           ........

76: 044f:b65d [0x82 IN] (INT) actual length = 27, buffer length = 28
00000000: 14 20 00 0C 00 00 00 02  00 00 00 00 00 00 00 00  . ..............
00000010: 00 02 00 02 00 02 00 02  00 02 00 00              ............

77: 044f:b65d [0x01 OUT] (INT) actual length = 8, buffer length = 8
00000000: 0A 04 12 10 00 00 00 00                           ........

78: 044f:b65d [0x82 IN] (INT) actual length = 27, buffer length = 28
00000000: 14 20 12 10 0F 00 69 B6  00 00 00 00 00 00 00 00  . ....i.........
00000010: 00 02 00 02 00 02 00 02  00 02 00 00              ............

79: 044f:b65d [0x01 OUT] (INT) actual length = 8, buffer length = 8
00000000: 0A 04 00 06 00 00 00 00                           ........

80: 044f:b65d [0x82 IN] (INT) actual length = 27, buffer length = 28
00000000: 14 20 00 06 16 E8 00 00  00 00 00 00 00 00 00 00  . ..............
00000010: 00 02 00 02 00 02 00 02  00 02 00 00              ............

81: 044f:b65d [0x82 IN] (INT) actual length = 0, buffer length = 28
00000000: 00 00 00 00 00 00 00 00  00 00 00 00 00 00 00 00  ................
00000010: 00 00 00 00 00 00 00 00  00 00 00 00              ............

82: 044f:b65d [0x00 IN] (CONTROL) actual length = 151, buffer length = 151
<GET_STATUS> wValue: 0x0000 wIndex: 0x0000 Dir=OUT Type=Standard Recipient=Device
00000000: 05 01 09 05 A1 01 15 00  25 01 35 00 45 01 75 01  ........%.5.E.u.
00000010: 95 0D 05 09 19 01 29 0D  81 02 95 03 81 01 05 01  ......).........
00000020: 25 07 46 3B 01 75 04 95  01 65 14 09 39 81 42 05  %.F;.u...e..9.B.
00000030: 01 09 30 15 00 26 FF 0F  35 00 46 FF 0F 65 00 75  ..0..&..5.F..e.u
00000040: 0C 95 01 81 02 26 FF 00  46 FF 00 09 31 09 32 09  .....&..F...1.2.
00000050: 35 75 08 95 03 81 02 06  00 FF 09 20 09 21 09 22  5u......... .!."
00000060: 09 23 09 24 09 25 09 26  09 27 09 28 09 29 09 2A  .#.$.%.&.'.(.).*
00000070: 09 2B 95 0C 81 02 0A 21  26 95 08 B1 02 0A 21 26  .+.....!&.....!&
00000080: 91 02 26 FF 03 46 FF 03  09 2C 09 2D 09 2E 09 2F  ..&..F...,.-.../
00000090: 75 10 95 04 81 02 C0                              u......

83: 044f:b65d [0x00 IN] (CONTROL) actual length = 0, buffer length = 16
<Error> wValue: 0x0000 wIndex: 0x0000 Dir=IN Type=Vendor Recipient=Interface
00000000: 00 00 00 00 00 00 00 00  00 00 00 00 00 00 00 00  ................

84: 044f:b65d [0x00 IN] (CONTROL) actual length = 0, buffer length = 16
<Error> wValue: 0x0000 wIndex: 0x0000 Dir=IN Type=Vendor Recipient=Interface
00000000: 00 00 00 00 00 00 00 00  00 00 00 00 00 00 00 00  ................

85: 044f:b65d [0x00 IN] (CONTROL) actual length = 0, buffer length = 16
<Error> wValue: 0x0000 wIndex: 0x0000 Dir=IN Type=Vendor Recipient=Interface
00000000: 00 00 00 00 00 00 00 00  00 00 00 00 00 00 00 00  ................

86: 044f:b65d [0x00 IN] (CONTROL) actual length = 0, buffer length = 16
<Error> wValue: 0x0000 wIndex: 0x0000 Dir=IN Type=Vendor Recipient=Interface
00000000: 00 00 00 00 00 00 00 00  00 00 00 00 00 00 00 00  ................

87: 044f:b65d [0x00 IN] (CONTROL) actual length = 0, buffer length = 16
<Error> wValue: 0x0000 wIndex: 0x0000 Dir=IN Type=Vendor Recipient=Interface
00000000: 00 00 00 00 00 00 00 00  00 00 00 00 00 00 00 00  ................

88: 044f:b65d [0x00 IN] (CONTROL) actual length = 0, buffer length = 16
<Error> wValue: 0x0000 wIndex: 0x0000 Dir=IN Type=Vendor Recipient=Interface
00000000: 00 00 00 00 00 00 00 00  00 00 00 00 00 00 00 00  ................

89: 044f:b65d [0x00 IN] (CONTROL) actual length = 0, buffer length = 16
<Error> wValue: 0x0000 wIndex: 0x0000 Dir=IN Type=Vendor Recipient=Interface
00000000: 00 00 00 00 00 00 00 00  00 00 00 00 00 00 00 00  ................

90: 044f:b65d [0x00 IN] (CONTROL) actual length = 0, buffer length = 16
<Error> wValue: 0x0000 wIndex: 0x0000 Dir=IN Type=Vendor Recipient=Interface
00000000: 00 00 00 00 00 00 00 00  00 00 00 00 00 00 00 00  ................

91: 044f:b65d [0x00 IN] (CONTROL) actual length = 0, buffer length = 16
<Error> wValue: 0x0000 wIndex: 0x0000 Dir=IN Type=Vendor Recipient=Interface
00000000: 00 00 00 00 00 00 00 00  00 00 00 00 00 00 00 00  ................

92: 044f:b65d [0x00 IN] (CONTROL) actual length = 8, buffer length = 8
<Error> wValue: 0x0000 wIndex: 0x0000 Dir=IN Type=Vendor Recipient=Interface
00000000: 47 00 41 00 00 00 07 04                           G.A.....

93: 044f:b65d [0x00 OUT] (CONTROL) actual length = 0, buffer length = 0
<Error> wValue: 0x0007 wIndex: 0x0000 Dir=OUT Type=Vendor Recipient=Interface

94: 044f:b65d [0x82 IN] (INT) actual length = 0, buffer length = 27
00000000: 00 00 00 00 00 00 00 00  00 00 00 00 00 00 00 00  ................
00000010: 00 00 00 00 00 00 00 00  00 00 00                 ...........

95: 044f:b67f [0x00 IN] (CONTROL) actual length = 0, buffer length = 10
<GET_STATUS> wValue: 0x0000 wIndex: 0x0000 Dir=OUT Type=Standard Recipient=Device
00000000: 00 00 00 00 00 00 00 00  00 00                    ..........

96: 044f:b67f [0x00 IN] (CONTROL) actual length = 0, buffer length = 10
<GET_DESCRIPTOR> wValue: 0x0600 wIndex: 0x0000 Dir=IN Type=Standard Recipient=Device
00000000: 00 00 00 00 00 00 00 00  00 00                    ..........

97: 044f:b67f [0x00 IN] (CONTROL) actual length = 0, buffer length = 10
<GET_DESCRIPTOR> wValue: 0x0600 wIndex: 0x0000 Dir=IN Type=Standard Recipient=Device
00000000: 00 00 00 00 00 00 00 00  00 00                    ..........

98: 044f:b67f [0x00 IN] (CONTROL) actual length = 9, buffer length = 9
<GET_DESCRIPTOR> wValue: 0x0200 wIndex: 0x0000 Dir=IN Type=Standard Recipient=Device
00000000: 09 02 29 00 01 01 00 E0  32                       ..).....2

99: 044f:b67f [0x00 IN] (CONTROL) actual length = 41, buffer length = 41
<GET_DESCRIPTOR> wValue: 0x0200 wIndex: 0x0000 Dir=IN Type=Standard Recipient=Device
00000000: 09 02 29 00 01 01 00 E0  32 09 04 00 00 02 03 00  ..).....2.......
00000010: 00 00 09 21 11 01 00 01  22 82 00 07 05 82 03 40  ...!...."......@
00000020: 00 02 07 05 01 03 40 00  04                       ......@..

100: 044f:b67f [0x00 IN] (CONTROL) actual length = 4, buffer length = 255
<GET_DESCRIPTOR> wValue: 0x0300 wIndex: 0x0000 Dir=IN Type=Standard Recipient=Device
00000000: 04 03 09 04 00 00 00 00  00 00 00 00 00 00 00 00  ................
00000010: 00 00 00 00 00 00 00 00  00 00 00 00 00 00 00 00  ................
00000020: 00 00 00 00 00 00 00 00  00 00 00 00 00 00 00 00  ................
00000030: 00 00 00 00 00 00 00 00  00 00 00 00 00 00 00 00  ................
00000040: 00 00 00 00 00 00 00 00  00 00 00 00 00 00 00 00  ................
00000050: 00 00 00 00 00 00 00 00  00 00 00 00 00 00 00 00  ................
00000060: 00 00 00 00 00 00 00 00  00 00 00 00 00 00 00 00  ................
00000070: 00 00 00 00 00 00 00 00  00 00 00 00 00 00 00 00  ................
00000080: 00 00 00 00 00 00 00 00  00 00 00 00 00 00 00 00  ................
00000090: 00 00 00 00 00 00 00 00  00 00 00 00 00 00 00 00  ................
000000A0: 00 00 00 00 00 00 00 00  00 00 00 00 00 00 00 00  ................
000000B0: 00 00 00 00 00 00 00 00  00 00 00 00 00 00 00 00  ................
000000C0: 00 00 00 00 00 00 00 00  00 00 00 00 00 00 00 00  ................
000000D0: 00 00 00 00 00 00 00 00  00 00 00 00 00 00 00 00  ................
000000E0: 00 00 00 00 00 00 00 00  00 00 00 00 00 00 00 00  ................
000000F0: 00 00 00 00 00 00 00 00  00 00 00 00 00 00 00     ...............

101: 044f:b67f [0x00 IN] (CONTROL) actual length = 60, buffer length = 255
<GET_DESCRIPTOR> wValue: 0x0302 wIndex: 0x0409 Dir=IN Type=Standard Recipient=Device
00000000: 3C 03 54 00 68 00 72 00  75 00 73 00 74 00 6D 00  <.T.h.r.u.s.t.m.
00000010: 61 00 73 00 74 00 65 00  72 00 20 00 54 00 4D 00  a.s.t.e.r. .T.M.
00000020: 58 00 20 00 52 00 61 00  63 00 69 00 6E 00 67 00  X. .R.a.c.i.n.g.
00000030: 20 00 57 00 68 00 65 00  65 00 6C 00 00 00 00 00   .W.h.e.e.l.....
00000040: 00 00 00 00 00 00 00 00  00 00 00 00 00 00 00 00  ................
00000050: 00 00 00 00 00 00 00 00  00 00 00 00 00 00 00 00  ................
00000060: 00 00 00 00 00 00 00 00  00 00 00 00 00 00 00 00  ................
00000070: 00 00 00 00 00 00 00 00  00 00 00 00 00 00 00 00  ................
00000080: 00 00 00 00 00 00 00 00  00 00 00 00 00 00 00 00  ................
00000090: 00 00 00 00 00 00 00 00  00 00 00 00 00 00 00 00  ................
000000A0: 00 00 00 00 00 00 00 00  00 00 00 00 00 00 00 00  ................
000000B0: 00 00 00 00 00 00 00 00  00 00 00 00 00 00 00 00  ................
000000C0: 00 00 00 00 00 00 00 00  00 00 00 00 00 00 00 00  ................
000000D0: 00 00 00 00 00 00 00 00  00 00 00 00 00 00 00 00  ................
000000E0: 00 00 00 00 00 00 00 00  00 00 00 00 00 00 00 00  ................
000000F0: 00 00 00 00 00 00 00 00  00 00 00 00 00 00 00     ...............

102: 044f:b67f [0x00 IN] (CONTROL) actual length = 26, buffer length = 255
<GET_DESCRIPTOR> wValue: 0x0301 wIndex: 0x0409 Dir=IN Type=Standard Recipient=Device
00000000: 1A 03 54 00 68 00 72 00  75 00 73 00 74 00 6D 00  ..T.h.r.u.s.t.m.
00000010: 61 00 73 00 74 00 65 00  72 00 00 00 00 00 00 00  a.s.t.e.r.......
00000020: 00 00 00 00 00 00 00 00  00 00 00 00 00 00 00 00  ................
00000030: 00 00 00 00 00 00 00 00  00 00 00 00 00 00 00 00  ................
00000040: 00 00 00 00 00 00 00 00  00 00 00 00 00 00 00 00  ................
00000050: 00 00 00 00 00 00 00 00  00 00 00 00 00 00 00 00  ................
00000060: 00 00 00 00 00 00 00 00  00 00 00 00 00 00 00 00  ................
00000070: 00 00 00 00 00 00 00 00  00 00 00 00 00 00 00 00  ................
00000080: 00 00 00 00 00 00 00 00  00 00 00 00 00 00 00 00  ................
00000090: 00 00 00 00 00 00 00 00  00 00 00 00 00 00 00 00  ................
000000A0: 00 00 00 00 00 00 00 00  00 00 00 00 00 00 00 00  ................
000000B0: 00 00 00 00 00 00 00 00  00 00 00 00 00 00 00 00  ................
000000C0: 00 00 00 00 00 00 00 00  00 00 00 00 00 00 00 00  ................
000000D0: 00 00 00 00 00 00 00 00  00 00 00 00 00 00 00 00  ................
000000E0: 00 00 00 00 00 00 00 00  00 00 00 00 00 00 00 00  ................
000000F0: 00 00 00 00 00 00 00 00  00 00 00 00 00 00 00     ...............

103: 044f:b67f [0x00 OUT] (CONTROL) actual length = 0, buffer length = 0
<SET_CONFIGURATION> wValue: 0x0001 wIndex: 0x0000 Dir=OUT Type=Standard Recipient=Device

104: 044f:b67f [0x00 OUT] (CONTROL) actual length = 0, buffer length = 0
<GET_INTERFACE> wValue: 0x0000 wIndex: 0x0000 Dir=OUT Type=Class Recipient=Interface

105: 044f:b67f [0x00 IN] (CONTROL) actual length = 130, buffer length = 130
<GET_DESCRIPTOR> wValue: 0x2200 wIndex: 0x0000 Dir=IN Type=Standard Recipient=Interface
00000000: 05 01 09 04 A1 01 09 01  A1 00 85 07 09 30 15 00  .............0..
00000010: 27 FF FF 00 00 35 00 47  FF FF 00 00 75 10 95 01  '....5.G....u...
00000020: 81 02 09 31 26 FF 03 46  FF 03 81 02 09 35 81 02  ...1&..F.....5..
00000030: 09 36 81 02 81 03 05 09  19 01 29 0D 25 01 45 01  .6........).%.E.
00000040: 75 01 95 0D 81 02 75 0B  95 01 81 03 05 01 09 39  u.....u........9
00000050: 25 07 46 3B 01 55 00 65  14 75 04 81 42 65 00 81  %.F;.U.e.u..Be..
00000060: 03 85 0A 06 00 FF 09 0A  75 08 95 0E 26 FF 00 46  ........u...&..F
00000070: FF 00 91 02 85 02 09 02  81 02 09 14 85 14 81 02  ................
00000080: C0 C0                                             ..

106: 044f:b67f [0x00 IN] (CONTROL) actual length = 18, buffer length = 18
<GET_DESCRIPTOR> wValue: 0x0100 wIndex: 0x0000 Dir=IN Type=Standard Recipient=Device
00000000: 12 01 00 02 00 00 00 40  4F 04 7F B6 00 01 01 02  .......@O.......
00000010: 00 01                                             ..

107: 044f:b67f [0x00 IN] (CONTROL) actual length = 9, buffer length = 9
<GET_DESCRIPTOR> wValue: 0x0200 wIndex: 0x0000 Dir=IN Type=Standard Recipient=Device
00000000: 09 02 29 00 01 01 00 E0  32                       ..).....2

108: 044f:b67f [0x00 IN] (CONTROL) actual length = 41, buffer length = 41
<GET_DESCRIPTOR> wValue: 0x0200 wIndex: 0x0000 Dir=IN Type=Standard Recipient=Device
00000000: 09 02 29 00 01 01 00 E0  32 09 04 00 00 02 03 00  ..).....2.......
00000010: 00 00 09 21 11 01 00 01  22 82 00 07 05 82 03 40  ...!...."......@
00000020: 00 02 07 05 01 03 40 00  04                       ......@..

109: 044f:b67f [0x00 IN] (CONTROL) actual length = 18, buffer length = 64
<GET_DESCRIPTOR> wValue: 0x0100 wIndex: 0x0000 Dir=IN Type=Standard Recipient=Device
00000000: 12 01 00 02 00 00 00 40  4F 04 7F B6 00 01 01 02  .......@O.......
00000010: 00 01 00 00 00 00 00 00  00 00 00 00 00 00 00 00  ................
00000020: 00 00 00 00 00 00 00 00  00 00 00 00 00 00 00 00  ................
00000030: 00 00 00 00 00 00 00 00  00 00 00 00 00 00 00 00  ................

110: 044f:b67f [0x00 IN] (CONTROL) actual length = 18, buffer length = 18
<GET_DESCRIPTOR> wValue: 0x0100 wIndex: 0x0000 Dir=IN Type=Standard Recipient=Device
00000000: 12 01 00 02 00 00 00 40  4F 04 7F B6 00 01 01 02  .......@O.......
00000010: 00 01                                             ..

111: 044f:b67f [0x00 IN] (CONTROL) actual length = 41, buffer length = 41
<GET_DESCRIPTOR> wValue: 0x0200 wIndex: 0x0000 Dir=IN Type=Standard Recipient=Device
00000000: 09 02 29 00 01 01 00 E0  32 09 04 00 00 02 03 00  ..).....2.......
00000010: 00 00 09 21 11 01 00 01  22 82 00 07 05 82 03 40  ...!...."......@
00000020: 00 02 07 05 01 03 40 00  04                       ......@..

112: 044f:b67f [0x00 OUT] (CONTROL) actual length = 0, buffer length = 0
<SET_CONFIGURATION> wValue: 0x0001 wIndex: 0x0000 Dir=OUT Type=Standard Recipient=Device

113: 044f:b67f [0x00 IN] (CONTROL) actual length = 18, buffer length = 64
<GET_DESCRIPTOR> wValue: 0x0100 wIndex: 0x0000 Dir=IN Type=Standard Recipient=Device
00000000: 12 01 00 02 00 00 00 40  4F 04 7F B6 00 01 01 02  .......@O.......
00000010: 00 01 00 00 00 00 00 00  00 00 00 00 00 00 00 00  ................
00000020: 00 00 00 00 00 00 00 00  00 00 00 00 00 00 00 00  ................
00000030: 00 00 00 00 00 00 00 00  00 00 00 00 00 00 00 00  ................

114: 044f:b67f [0x00 IN] (CONTROL) actual length = 18, buffer length = 18
<GET_DESCRIPTOR> wValue: 0x0100 wIndex: 0x0000 Dir=IN Type=Standard Recipient=Device
00000000: 12 01 00 02 00 00 00 40  4F 04 7F B6 00 01 01 02  .......@O.......
00000010: 00 01                                             ..

115: 044f:b67f [0x00 IN] (CONTROL) actual length = 41, buffer length = 41
<GET_DESCRIPTOR> wValue: 0x0200 wIndex: 0x0000 Dir=IN Type=Standard Recipient=Device
00000000: 09 02 29 00 01 01 00 E0  32 09 04 00 00 02 03 00  ..).....2.......
00000010: 00 00 09 21 11 01 00 01  22 82 00 07 05 82 03 40  ...!...."......@
00000020: 00 02 07 05 01 03 40 00  04                       ......@..

116: 044f:b67f [0x00 OUT] (CONTROL) actual length = 0, buffer length = 0
<SET_CONFIGURATION> wValue: 0x0001 wIndex: 0x0000 Dir=OUT Type=Standard Recipient=Device

117: 044f:b67f [0x00 IN] (CONTROL) actual length = 4, buffer length = 255
<GET_DESCRIPTOR> wValue: 0x0300 wIndex: 0x0000 Dir=IN Type=Standard Recipient=Device
00000000: 04 03 09 04 00 00 00 00  00 00 00 00 00 00 00 00  ................
00000010: 00 00 00 00 00 00 00 00  00 00 00 00 00 00 00 00  ................
00000020: 00 00 00 00 00 00 00 00  00 00 00 00 00 00 00 00  ................
00000030: 00 00 00 00 00 00 00 00  00 00 00 00 00 00 00 00  ................
00000040: 00 00 00 00 00 00 00 00  00 00 00 00 00 00 00 00  ................
00000050: 00 00 00 00 00 00 00 00  00 00 00 00 00 00 00 00  ................
00000060: 00 00 00 00 00 00 00 00  00 00 00 00 00 00 00 00  ................
00000070: 00 00 00 00 00 00 00 00  00 00 00 00 00 00 00 00  ................
00000080: 00 00 00 00 00 00 00 00  00 00 00 00 00 00 00 00  ................
00000090: 00 00 00 00 00 00 00 00  00 00 00 00 00 00 00 00  ................
000000A0: 00 00 00 00 00 00 00 00  00 00 00 00 00 00 00 00  ................
000000B0: 00 00 00 00 00 00 00 00  00 00 00 00 00 00 00 00  ................
000000C0: 00 00 00 00 00 00 00 00  00 00 00 00 00 00 00 00  ................
000000D0: 00 00 00 00 00 00 00 00  00 00 00 00 00 00 00 00  ................
000000E0: 00 00 00 00 00 00 00 00  00 00 00 00 00 00 00 00  ................
000000F0: 00 00 00 00 00 00 00 00  00 00 00 00 00 00 00     ...............

118: 044f:b67f [0x00 IN] (CONTROL) actual length = 60, buffer length = 255
<GET_DESCRIPTOR> wValue: 0x0302 wIndex: 0x0409 Dir=IN Type=Standard Recipient=Device
00000000: 3C 03 54 00 68 00 72 00  75 00 73 00 74 00 6D 00  <.T.h.r.u.s.t.m.
00000010: 61 00 73 00 74 00 65 00  72 00 20 00 54 00 4D 00  a.s.t.e.r. .T.M.
00000020: 58 00 20 00 52 00 61 00  63 00 69 00 6E 00 67 00  X. .R.a.c.i.n.g.
00000030: 20 00 57 00 68 00 65 00  65 00 6C 00 00 00 00 00   .W.h.e.e.l.....
00000040: 00 00 00 00 00 00 00 00  00 00 00 00 00 00 00 00  ................
00000050: 00 00 00 00 00 00 00 00  00 00 00 00 00 00 00 00  ................
00000060: 00 00 00 00 00 00 00 00  00 00 00 00 00 00 00 00  ................
00000070: 00 00 00 00 00 00 00 00  00 00 00 00 00 00 00 00  ................
00000080: 00 00 00 00 00 00 00 00  00 00 00 00 00 00 00 00  ................
00000090: 00 00 00 00 00 00 00 00  00 00 00 00 00 00 00 00  ................
000000A0: 00 00 00 00 00 00 00 00  00 00 00 00 00 00 00 00  ................
000000B0: 00 00 00 00 00 00 00 00  00 00 00 00 00 00 00 00  ................
000000C0: 00 00 00 00 00 00 00 00  00 00 00 00 00 00 00 00  ................
000000D0: 00 00 00 00 00 00 00 00  00 00 00 00 00 00 00 00  ................
000000E0: 00 00 00 00 00 00 00 00  00 00 00 00 00 00 00 00  ................
000000F0: 00 00 00 00 00 00 00 00  00 00 00 00 00 00 00     ...............

119: 044f:b67f [0x00 IN] (CONTROL) actual length = 0, buffer length = 10
<GET_DESCRIPTOR> wValue: 0x0600 wIndex: 0x0000 Dir=IN Type=Standard Recipient=Device
00000000: 00 00 00 00 00 00 00 00  00 00                    ..........

120: 044f:b67f [0x00 IN] (CONTROL) actual length = 0, buffer length = 16
<Error> wValue: 0x0000 wIndex: 0x0000 Dir=IN Type=Vendor Recipient=Interface
00000000: 00 00 00 00 00 00 00 00  00 00 00 00 00 00 00 00  ................

121: 044f:b67f [0x00 IN] (CONTROL) actual length = 0, buffer length = 16
<Error> wValue: 0x0000 wIndex: 0x0000 Dir=IN Type=Vendor Recipient=Interface
00000000: 00 00 00 00 00 00 00 00  00 00 00 00 00 00 00 00  ................

122: 044f:b67f [0x00 IN] (CONTROL) actual length = 0, buffer length = 16
<Error> wValue: 0x0000 wIndex: 0x0000 Dir=IN Type=Vendor Recipient=Interface
00000000: 00 00 00 00 00 00 00 00  00 00 00 00 00 00 00 00  ................

123: 044f:b67f [0x00 IN] (CONTROL) actual length = 0, buffer length = 16
<Error> wValue: 0x0000 wIndex: 0x0000 Dir=IN Type=Vendor Recipient=Interface
00000000: 00 00 00 00 00 00 00 00  00 00 00 00 00 00 00 00  ................

124: 044f:b67f [0x00 IN] (CONTROL) actual length = 0, buffer length = 16
<Error> wValue: 0x0000 wIndex: 0x0000 Dir=IN Type=Vendor Recipient=Interface
00000000: 00 00 00 00 00 00 00 00  00 00 00 00 00 00 00 00  ................

125: 044f:b67f [0x00 IN] (CONTROL) actual length = 0, buffer length = 16
<Error> wValue: 0x0000 wIndex: 0x0000 Dir=IN Type=Vendor Recipient=Interface
00000000: 00 00 00 00 00 00 00 00  00 00 00 00 00 00 00 00  ................

126: 044f:b67f [0x00 IN] (CONTROL) actual length = 0, buffer length = 16
<Error> wValue: 0x0000 wIndex: 0x0000 Dir=IN Type=Vendor Recipient=Interface
00000000: 00 00 00 00 00 00 00 00  00 00 00 00 00 00 00 00  ................

127: 044f:b67f [0x00 IN] (CONTROL) actual length = 0, buffer length = 16
<Error> wValue: 0x0000 wIndex: 0x0000 Dir=IN Type=Vendor Recipient=Interface
00000000: 00 00 00 00 00 00 00 00  00 00 00 00 00 00 00 00  ................

128: 044f:b67f [0x00 IN] (CONTROL) actual length = 0, buffer length = 16
<Error> wValue: 0x0000 wIndex: 0x0000 Dir=IN Type=Vendor Recipient=Interface
00000000: 00 00 00 00 00 00 00 00  00 00 00 00 00 00 00 00  ................

129: 044f:b67f [0x00 IN] (CONTROL) actual length = 8, buffer length = 8
<Error> wValue: 0x0000 wIndex: 0x0000 Dir=IN Type=Vendor Recipient=Interface
00000000: 47 00 41 00 00 00 07 04                           G.A.....

130: 044f:b67f [0x00 IN] (CONTROL) actual length = 4, buffer length = 8
<Error> wValue: 0x0000 wIndex: 0x0000 Dir=IN Type=Vendor Recipient=Interface
00000000: 56 0F 00 00 00 00 00 00                           V.......

131: 044f:b67f [0x00 IN] (CONTROL) actual length = 130, buffer length = 130
<GET_DESCRIPTOR> wValue: 0x2200 wIndex: 0x0000 Dir=IN Type=Standard Recipient=Interface
00000000: 05 01 09 04 A1 01 09 01  A1 00 85 07 09 30 15 00  .............0..
00000010: 27 FF FF 00 00 35 00 47  FF FF 00 00 75 10 95 01  '....5.G....u...
00000020: 81 02 09 31 26 FF 03 46  FF 03 81 02 09 35 81 02  ...1&..F.....5..
00000030: 09 36 81 02 81 03 05 09  19 01 29 0D 25 01 45 01  .6........).%.E.
00000040: 75 01 95 0D 81 02 75 0B  95 01 81 03 05 01 09 39  u.....u........9
00000050: 25 07 46 3B 01 55 00 65  14 75 04 81 42 65 00 81  %.F;.U.e.u..Be..
00000060: 03 85 0A 06 00 FF 09 0A  75 08 95 0E 26 FF 00 46  ........u...&..F
00000070: FF 00 91 02 85 02 09 02  81 02 09 14 85 14 81 02  ................
00000080: C0 C0                                             ..

132: 044f:b67f [0x00 IN] (CONTROL) actual length = 3, buffer length = 8
<Error> wValue: 0x0000 wIndex: 0x0000 Dir=IN Type=Vendor Recipient=Interface
00000000: 42 E8 03 00 00 00 00 00                           B.......

133: 044f:b67f [0x00 IN] (CONTROL) actual length = 2, buffer length = 8
<Error> wValue: 0x0000 wIndex: 0x0000 Dir=IN Type=Vendor Recipient=Interface
00000000: 4E 14 00 00 00 00 00 00                           N.......

134: 044f:b67f [0x00 IN] (CONTROL) actual length = 4, buffer length = 8
<Error> wValue: 0x0000 wIndex: 0x0000 Dir=IN Type=Vendor Recipient=Interface
00000000: 56 0F 00 00 00 00 00 00                           V.......

135: 044f:b67f [0x01 OUT] (INT) actual length = 15, buffer length = 15
00000000: 42 01 00 00 00 00 00 00  00 00 00 00 00 00 00     B..............

136: 044f:b67f [0x01 OUT] (INT) actual length = 15, buffer length = 15
00000000: 0A 04 90 03 00 00 00 00  00 00 00 00 00 00 00     ...............

137: 044f:b67f [0x82 IN] (INT) actual length = 15, buffer length = 15
00000000: 14 20 90 03 4E 4B 28 27  00 00 00 00 00 00 E8     . ..NK('.......

138: 044f:b67f [0x01 OUT] (INT) actual length = 15, buffer length = 15
00000000: 0A 04 00 0C 00 00 00 00  00 00 00 00 00 00 00     ...............

139: 044f:b67f [0x82 IN] (INT) actual length = 15, buffer length = 15
00000000: 14 20 00 0C 00 00 00 02  00 00 00 00 00 00 00     . .............

140: 044f:b67f [0x01 OUT] (INT) actual length = 15, buffer length = 15
00000000: 0A 04 12 10 00 00 00 00  00 00 00 00 00 00 00     ...............

141: 044f:b67f [0x82 IN] (INT) actual length = 15, buffer length = 15
00000000: 14 20 12 10 0F 00 69 B6  00 00 00 00 00 00 00     . ....i........

142: 044f:b67f [0x01 OUT] (INT) actual length = 15, buffer length = 15
00000000: 0A 04 00 06 00 00 00 00  00 00 00 00 00 00 00     ...............

143: 044f:b67f [0x82 IN] (INT) actual length = 15, buffer length = 15
00000000: 14 20 00 06 16 E6 00 00  00 00 00 00 00 00 00     . .............

144: 044f:b67f [0x82 IN] (INT) actual length = 0, buffer length = 15
00000000: 00 00 00 00 00 00 00 00  00 00 00 00 00 00 00     ...............

145: 044f:b67f [0x00 OUT] (CONTROL) actual length = 0, buffer length = 0
<GET_STATUS> wValue: 0x0000 wIndex: 0x0000 Dir=OUT Type=Standard Recipient=Device

146: 044f:b67f [0x82 IN] (INT) actual length = 15, buffer length = 15
00000000: 02 54 D5 00 00 00 00 00  00 00 00 00 00 00 00     .T.............

147: 044f:b67f [0x00 IN] (CONTROL) actual length = 0, buffer length = 16
<GET_STATUS> wValue: 0x0000 wIndex: 0x0000 Dir=OUT Type=Standard Recipient=Device
00000000: 00 00 00 00 00 00 00 00  00 00 00 00 00 00 00 00  ................

148: 044f:b67f [0x01 OUT] (INT) actual length = 4, buffer length = 4
00000000: 40 11 55 D5                                       @.U.

149: 044f:b67f [0x00 IN] (CONTROL) actual length = 0, buffer length = 16
<GET_STATUS> wValue: 0x0000 wIndex: 0x0000 Dir=OUT Type=Standard Recipient=Device
00000000: 00 00 00 00 00 00 00 00  00 00 00 00 00 00 00 00  ................

150: 044f:b67f [0x00 IN] (CONTROL) actual length = 0, buffer length = 16
<Error> wValue: 0x0000 wIndex: 0x0000 Dir=IN Type=Vendor Recipient=Interface
00000000: 00 00 00 00 00 00 00 00  00 00 00 00 00 00 00 00  ................

151: 044f:b67f [0x00 IN] (CONTROL) actual length = 0, buffer length = 16
<Error> wValue: 0x0000 wIndex: 0x0000 Dir=IN Type=Vendor Recipient=Interface
00000000: 00 00 00 00 00 00 00 00  00 00 00 00 00 00 00 00  ................

152: 044f:b67f [0x00 IN] (CONTROL) actual length = 0, buffer length = 16
<Error> wValue: 0x0000 wIndex: 0x0000 Dir=IN Type=Vendor Recipient=Interface
00000000: 00 00 00 00 00 00 00 00  00 00 00 00 00 00 00 00  ................

153: 044f:b67f [0x00 IN] (CONTROL) actual length = 0, buffer length = 16
<Error> wValue: 0x0000 wIndex: 0x0000 Dir=IN Type=Vendor Recipient=Interface
00000000: 00 00 00 00 00 00 00 00  00 00 00 00 00 00 00 00  ................

154: 044f:b67f [0x00 IN] (CONTROL) actual length = 0, buffer length = 16
<Error> wValue: 0x0000 wIndex: 0x0000 Dir=IN Type=Vendor Recipient=Interface
00000000: 00 00 00 00 00 00 00 00  00 00 00 00 00 00 00 00  ................

155: 044f:b67f [0x00 IN] (CONTROL) actual length = 0, buffer length = 16
<Error> wValue: 0x0000 wIndex: 0x0000 Dir=IN Type=Vendor Recipient=Interface
00000000: 00 00 00 00 00 00 00 00  00 00 00 00 00 00 00 00  ................

156: 044f:b67f [0x00 IN] (CONTROL) actual length = 0, buffer length = 16
<Error> wValue: 0x0000 wIndex: 0x0000 Dir=IN Type=Vendor Recipient=Interface
00000000: 00 00 00 00 00 00 00 00  00 00 00 00 00 00 00 00  ................

157: 044f:b67f [0x00 IN] (CONTROL) actual length = 8, buffer length = 8
<Error> wValue: 0x0000 wIndex: 0x0000 Dir=IN Type=Vendor Recipient=Interface
00000000: 47 00 41 00 00 00 07 04                           G.A.....

158: 044f:b67f [0x82 IN] (INT) actual length = 0, buffer length = 15
00000000: 00 00 00 00 00 00 00 00  00 00 00 00 00 00 00     ...............

